conreality_app/android/app/build/intermediates/manifest_merge_blame_file/release/manifest-merger-blame-release-report.txt
1<?xml version="1.0" encoding="utf-8"?>
2<manifest xmlns:android="http://schemas.android.com/apk/res/android"
3    package="com.example.conreality_app"
4    android:versionCode="1"
5    android:versionName="1.0.0" >
6
7    <uses-sdk
8        android:minSdkVersion="23"
8-->src/main/AndroidManifest.xml
9        android:targetSdkVersion="30" />
9-->src/main/AndroidManifest.xml
10
11    <uses-permission android:name="android.permission.ACCESS_FINE_LOCATION" />
11-->src/main/AndroidManifest.xml:3:5-79
11-->src/main/AndroidManifest.xml:3:22-76
12    <uses-permission android:name="android.permission.ACCESS_COARSE_LOCATION" />
12-->src/main/AndroidManifest.xml:4:5-81
12-->src/main/AndroidManifest.xml:4:22-78
13    <uses-permission android:name="android.permission.READ_EXTERNAL_STORAGE" />
13-->[:image_picker] AndroidManifest.xml:7:5-80
13-->[:image_picker] AndroidManifest.xml:7:22-77
14    <uses-permission android:name="android.permission.WRITE_EXTERNAL_STORAGE" /> <!-- Include required permissions for Google Maps API to run. -->
14-->[:image_picker] AndroidManifest.xml:8:5-81
14-->[:image_picker] AndroidManifest.xml:8:22-78
15    <uses-permission android:name="android.permission.ACCESS_NETWORK_STATE" />
15-->[com.google.android.gms:play-services-maps:17.0.0] AndroidManifest.xml:23:5-79
15-->[com.google.android.gms:play-services-maps:17.0.0] AndroidManifest.xml:23:22-76
16    <uses-permission android:name="android.permission.INTERNET" />
16-->[com.google.android.gms:play-services-maps:17.0.0] AndroidManifest.xml:24:5-67
16-->[com.google.android.gms:play-services-maps:17.0.0] AndroidManifest.xml:24:22-64
17
18    <uses-feature
18-->[com.google.android.gms:play-services-maps:17.0.0] AndroidManifest.xml:26:5-28:35
19        android:glEsVersion="0x00020000"
19-->[com.google.android.gms:play-services-maps:17.0.0] AndroidManifest.xml:27:9-41
20        android:required="true" />
20-->[com.google.android.gms:play-services-maps:17.0.0] AndroidManifest.xml:28:9-32
21
22    <application
22-->src/main/AndroidManifest.xml:5:4-44:19
23        android:appComponentFactory="androidx.core.app.CoreComponentFactory"
23-->[androidx.core:core:1.0.1] AndroidManifest.xml:22:18-86
24        android:extractNativeLibs="false"
25        android:icon="@mipmap/ic_launcher"
25-->src/main/AndroidManifest.xml:7:9-43
26        android:label="conreality_app" >
26-->src/main/AndroidManifest.xml:6:9-39
27        <meta-data
27-->src/main/AndroidManifest.xml:8:9-9:66
28            android:name="com.google.android.geo.API_KEY"
28-->src/main/AndroidManifest.xml:8:20-65
29            android:value="AIzaSyBlwuumsxlJ-IQvP4EmfpRQ0IMpKpyHSNc" />
29-->src/main/AndroidManifest.xml:9:9-64
30
31        <activity
31-->src/main/AndroidManifest.xml:10:9-38:20
32            android:name="com.example.conreality_app.MainActivity"
32-->src/main/AndroidManifest.xml:11:13-41
33            android:configChanges="orientation|keyboardHidden|keyboard|screenSize|smallestScreenSize|locale|layoutDirection|fontScale|screenLayout|density|uiMode"
33-->src/main/AndroidManifest.xml:14:13-163
34            android:hardwareAccelerated="true"
34-->src/main/AndroidManifest.xml:15:13-47
35            android:launchMode="singleTop"
35-->src/main/AndroidManifest.xml:12:13-43
36            android:theme="@style/LaunchTheme"
36-->src/main/AndroidManifest.xml:13:13-47
37            android:windowSoftInputMode="adjustResize" >
37-->src/main/AndroidManifest.xml:16:13-55
38
39            <!--
40                 Specifies an Android theme to apply to this Activity as soon as
41                 the Android process has started. This theme is visible to the user
42                 while the Flutter UI initializes. After that, this theme continues
43                 to determine the Window background behind the Flutter UI.
44            -->
45            <meta-data
45-->src/main/AndroidManifest.xml:21:13-24:17
46                android:name="io.flutter.embedding.android.NormalTheme"
46-->src/main/AndroidManifest.xml:22:15-70
47                android:resource="@style/NormalTheme" />
47-->src/main/AndroidManifest.xml:23:15-52
48            <!--
49                 Displays an Android View that continues showing the launch screen
50                 Drawable until Flutter paints its first frame, then this splash
51                 screen fades out. A splash screen is useful to avoid any visual
52                 gap between the end of Android's launch screen and the painting of
53                 Flutter's first frame.
54            -->
55            <meta-data
55-->src/main/AndroidManifest.xml:30:13-33:17
56                android:name="io.flutter.embedding.android.SplashScreenDrawable"
56-->src/main/AndroidManifest.xml:31:15-79
57                android:resource="@drawable/launch_background" />
57-->src/main/AndroidManifest.xml:32:15-61
58
59            <intent-filter>
59-->src/main/AndroidManifest.xml:34:13-37:29
60                <action android:name="android.intent.action.MAIN" />
60-->src/main/AndroidManifest.xml:35:17-68
60-->src/main/AndroidManifest.xml:35:25-66
61
62                <category android:name="android.intent.category.LAUNCHER" />
62-->src/main/AndroidManifest.xml:36:17-76
62-->src/main/AndroidManifest.xml:36:27-74
63            </intent-filter>
64        </activity>
65        <!--
66             Don't delete the meta-data below.
67             This is used by the Flutter tool to generate GeneratedPluginRegistrant.java
68        -->
69        <meta-data
69-->src/main/AndroidManifest.xml:41:9-43:33
70            android:name="flutterEmbedding"
70-->src/main/AndroidManifest.xml:42:13-44
71            android:value="2" />
71-->src/main/AndroidManifest.xml:43:13-30
72
73        <provider
73-->[:image_picker] AndroidManifest.xml:11:9-19:20
74            android:name="io.flutter.plugins.imagepicker.ImagePickerFileProvider"
74-->[:image_picker] AndroidManifest.xml:12:13-82
75            android:authorities="com.example.conreality_app.flutter.image_provider"
75-->[:image_picker] AndroidManifest.xml:13:13-74
76            android:exported="false"
76-->[:image_picker] AndroidManifest.xml:14:13-37
77            android:grantUriPermissions="true" >
77-->[:image_picker] AndroidManifest.xml:15:13-47
78            <meta-data
78-->[:image_picker] AndroidManifest.xml:16:13-18:75
79                android:name="android.support.FILE_PROVIDER_PATHS"
79-->[:image_picker] AndroidManifest.xml:17:17-67
80                android:resource="@xml/flutter_image_picker_file_paths" />
80-->[:image_picker] AndroidManifest.xml:18:17-72
81        </provider>
82
83        <activity
83-->[:url_launcher] AndroidManifest.xml:8:9-11:74
84            android:name="io.flutter.plugins.urllauncher.WebViewActivity"
84-->[:url_launcher] AndroidManifest.xml:9:13-74
85            android:exported="false"
85-->[:url_launcher] AndroidManifest.xml:10:13-37
86            android:theme="@android:style/Theme.NoTitleBar.Fullscreen" />
86-->[:url_launcher] AndroidManifest.xml:11:13-71
87
88        <service
88-->[:location] AndroidManifest.xml:11:9-15:56
89            android:name="com.lyokone.location.FlutterLocationService"
89-->[:location] AndroidManifest.xml:12:13-71
90            android:enabled="true"
90-->[:location] AndroidManifest.xml:13:13-35
91            android:exported="false"
91-->[:location] AndroidManifest.xml:14:13-37
92            android:foregroundServiceType="location" /> <!-- Needs to be explicitly declared on P+ -->
92-->[:location] AndroidManifest.xml:15:13-53
93        <uses-library
93-->[com.google.android.gms:play-services-maps:17.0.0] AndroidManifest.xml:33:9-35:40
94            android:name="org.apache.http.legacy"
94-->[com.google.android.gms:play-services-maps:17.0.0] AndroidManifest.xml:34:13-50
95            android:required="false" />
95-->[com.google.android.gms:play-services-maps:17.0.0] AndroidManifest.xml:35:13-37
96
97        <activity
97-->[com.google.android.gms:play-services-base:17.0.0] AndroidManifest.xml:23:9-26:75
98            android:name="com.google.android.gms.common.api.GoogleApiActivity"
98-->[com.google.android.gms:play-services-base:17.0.0] AndroidManifest.xml:24:13-79
99            android:exported="false"
99-->[com.google.android.gms:play-services-base:17.0.0] AndroidManifest.xml:25:13-37
100            android:theme="@android:style/Theme.Translucent.NoTitleBar" />
100-->[com.google.android.gms:play-services-base:17.0.0] AndroidManifest.xml:26:13-72
101
102        <meta-data
102-->[com.google.android.gms:play-services-basement:17.0.0] AndroidManifest.xml:23:9-25:69
103            android:name="com.google.android.gms.version"
103-->[com.google.android.gms:play-services-basement:17.0.0] AndroidManifest.xml:24:13-58
104            android:value="@integer/google_play_services_version" />
104-->[com.google.android.gms:play-services-basement:17.0.0] AndroidManifest.xml:25:13-66
105    </application>
106
107</manifest>